use smarthomes;

db.createCollection("productReviews", {
   validator: {
      $jsonSchema: {
         bsonType: "object",
         required: ["productId", "productModelName", "productCategory", "productPrice", "storeID", "storeZip", "storeCity", "storeState", "productOnSale", "manufacturerName", "manufacturerRebate", "userID", "userAge", "userGender", "userOccupation", "reviewRating", "reviewDate", "reviewText"],
         properties: {
            productId: {
               bsonType: "string",
               description: "must be a string and is required"
            },
            productModelName: {
               bsonType: "string",
               description: "must be a string and is required"
            },
            productCategory: {
               bsonType: "string",
               description: "must be a string and is required"
            },
            productPrice: {
               bsonType: "decimal",
               description: "must be a decimal and is required"
            },
            storeID: {
               bsonType: "string",
               description: "must be a string and is required"
            },
            storeZip: {
               bsonType: "string",
               description: "must be a string and is required"
            },
            storeCity: {
               bsonType: "string",
               description: "must be a string and is required"
            },
            storeState: {
               bsonType: "string",
               description: "must be a string and is required"
            },
            productOnSale: {
               bsonType: "bool",
               description: "must be a boolean and is required"
            },
            manufacturerName: {
               bsonType: "string",
               description: "must be a string and is required"
            },
            manufacturerRebate: {
               bsonType: "bool",
               description: "must be a boolean and is required"
            },
            userID: {
               bsonType: "string",
               description: "must be a string and is required"
            },
            userAge: {
               bsonType: "int",
               description: "must be an integer and is required"
            },
            userGender: {
               bsonType: "string",
               description: "must be a string and is required"
            },
            userOccupation: {
               bsonType: "string",
               description: "must be a string and is required"
            },
            reviewRating: {
               bsonType: "int",
               minimum: 1,
               maximum: 5,
               description: "must be an integer between 1 and 5 and is required"
            },
            reviewDate: {
               bsonType: "date",
               description: "must be a date and is required"
            },
            reviewText: {
               bsonType: "string",
               description: "must be a string and is required"
            }
         }
      }
   }
});

db.productReviews.createIndex({ productId: 1 });
db.productReviews.createIndex({ productModelName: 1 });
db.productReviews.createIndex({ productCategory: 1 });
db.productReviews.createIndex({ storeID: 1 });  
db.productReviews.createIndex({ userID: 1 });
db.productReviews.createIndex({ reviewDate: -1 });
db.productReviews.createIndex({ reviewRating: -1 });

db.productReviews.insertMany([
   {
      productId: "1",
      productModelName: "ModelX1",
      productCategory: "Electronics",
      productPrice: NumberDecimal("249.99"),
      storeID: "S001",
      storeZip: "77001",
      storeCity: "Houston",
      storeState: "TX",
      productOnSale: false,
      manufacturerName: "BrandA",
      manufacturerRebate: false,
      userID: "1",
      userAge: 35,
      userGender: "Male",
      userOccupation: "Engineer",
      reviewRating: 5,
      reviewDate: ISODate("2024-09-15T14:00:00Z"),
      reviewText: "Great product, very satisfied!"
   },
   {
      productId: "2",
      productModelName: "ModelX2",
      productCategory: "Electronics",
      productPrice: NumberDecimal("229.00"),
      storeID: "S001",
      storeZip: "77001",
      storeCity: "Houston",
      storeState: "TX",
      productOnSale: false,
      manufacturerName: "BrandA",
      manufacturerRebate: false,
      userID: "1",
      userAge: 35,
      userGender: "Male",
      userOccupation: "Engineer",
      reviewRating: 4,
      reviewDate: ISODate("2024-09-15T14:00:00Z"),
      reviewText: "Good value for money."
   },
   {
      productId: "3",
      productModelName: "ModelY1",
      productCategory: "Home Appliances",
      productPrice: NumberDecimal("399.98"),
      storeID: "S002",
      storeZip: "10001",
      storeCity: "New York",
      storeState: "NY",
      productOnSale: true,
      manufacturerName: "BrandB",
      manufacturerRebate: true,
      userID: "2",
      userAge: 42,
      userGender: "Female",
      userOccupation: "Teacher",
      reviewRating: 5,
      reviewDate: ISODate("2024-09-16T15:30:00Z"),
      reviewText: "Excellent product, highly recommended."
   },
   {
      productId: "4",
      productModelName: "ModelY2",
      productCategory: "Home Appliances",
      productPrice: NumberDecimal("159.99"),
      storeID: "S002",
      storeZip: "10001",
      storeCity: "New York",
      storeState: "NY",
      productOnSale: false,
      manufacturerName: "BrandB",
      manufacturerRebate: false,
      userID: "2",
      userAge: 42,
      userGender: "Female",
      userOccupation: "Teacher",
      reviewRating: 4,
      reviewDate: ISODate("2024-09-16T15:30:00Z"),
      reviewText: "Very good, but could be improved."
   },
   {
      productId: "5",
      productModelName: "ModelZ1",
      productCategory: "Fitness Equipment",
      productPrice: NumberDecimal("99.00"),
      storeID: "S003",
      storeZip: "90001",
      storeCity: "Los Angeles",
      storeState: "CA",
      productOnSale: true,
      manufacturerName: "BrandC",
      manufacturerRebate: false,
      userID: "3",
      userAge: 28,
      userGender: "Male",
      userOccupation: "Designer",
      reviewRating: 5,
      reviewDate: ISODate("2024-09-17T13:45:00Z"),
      reviewText: "Amazing product, totally worth it!"
   },
   {
      productId: "6",
      productModelName: "ModelZ2",
      productCategory: "Fitness Equipment",
      productPrice: NumberDecimal("229.99"),
      storeID: "S003",
      storeZip: "90001",
      storeCity: "Los Angeles",
      storeState: "CA",
      productOnSale: false,
      manufacturerName: "BrandC",
      manufacturerRebate: false,
      userID: "3",
      userAge: 28,
      userGender: "Male",
      userOccupation: "Designer",
      reviewRating: 4,
      reviewDate: ISODate("2024-09-17T13:45:00Z"),
      reviewText: "Solid product, but overpriced."
   },
   {
      productId: "7",
      productModelName: "ModelA1",
      productCategory: "Furniture",
      productPrice: NumberDecimal("249.99"),
      storeID: "S004",
      storeZip: "77001",
      storeCity: "Houston",
      storeState: "TX",
      productOnSale: true,
      manufacturerName: "BrandD",
      manufacturerRebate: false,
      userID: "4",
      userAge: 33,
      userGender: "Female",
      userOccupation: "Doctor",
      reviewRating: 5,
      reviewDate: ISODate("2024-09-18T16:00:00Z"),
      reviewText: "Very stylish and comfortable."
   },
   {
      productId: "8",
      productModelName: "ModelA2",
      productCategory: "Furniture",
      productPrice: NumberDecimal("99.98"),
      storeID: "S004",
      storeZip: "77001",
      storeCity: "Houston",
      storeState: "TX",
      productOnSale: true,
      manufacturerName: "BrandD",
      manufacturerRebate: false,
      userID: "4",
      userAge: 33,
      userGender: "Female",
      userOccupation: "Doctor",
      reviewRating: 4,
      reviewDate: ISODate("2024-09-18T16:00:00Z"),
      reviewText: "Good, but some parts were missing."
   },
   {
      productId: "9",
      productModelName: "ModelB1",
      productCategory: "Fashion",
      productPrice: NumberDecimal("229.99"),
      storeID: "S005",
      storeZip: "85001",
      storeCity: "Phoenix",
      storeState: "AZ",
      productOnSale: false,
      manufacturerName: "BrandE",
      manufacturerRebate: true,
      userID: "5",
      userAge: 45,
      userGender: "Male",
      userOccupation: "Lawyer",
      reviewRating: 5,
      reviewDate: ISODate("2024-09-19T11:30:00Z"),
      reviewText: "High-quality material, very comfortable."
   },
   {
      productId: "10",
      productModelName: "ModelB2",
      productCategory: "Fashion",
      productPrice: NumberDecimal("199.00"),
      storeID: "S005",
      storeZip: "85001",
      storeCity: "Phoenix",
      storeState: "AZ",
      productOnSale: false,
      manufacturerName: "BrandE",
      manufacturerRebate: false,
      userID: "5",
      userAge: 45,
      userGender: "Male",
      userOccupation: "Lawyer",
      reviewRating: 4,
      reviewDate: ISODate("2024-09-19T11:30:00Z"),
      reviewText: "Great fit, but a bit expensive."
   },
   {
      productId: "11",
      productModelName: "ModelC1",
      productCategory: "Books",
      productPrice: NumberDecimal("49.99"),
      storeID: "S006",
      storeZip: "19101",
      storeCity: "Philadelphia",
      storeState: "PA",
      productOnSale: true,
      manufacturerName: "BrandF",
      manufacturerRebate: false,
      userID: "6",
      userAge: 29,
      userGender: "Female",
      userOccupation: "Scientist",
      reviewRating: 5,
      reviewDate: ISODate("2024-09-20T15:15:00Z"),
      reviewText: "Very informative, a must-read!"
   },
   {
      productId: "12",
      productModelName: "ModelC2",
      productCategory: "Books",
      productPrice: NumberDecimal("159.98"),
      storeID: "S006",
      storeZip: "19101",
      storeCity: "Philadelphia",
      storeState: "PA",
      productOnSale: false,
      manufacturerName: "BrandF",
      manufacturerRebate: true,
      userID: "6",
      userAge: 29,
      userGender: "Female",
      userOccupation: "Scientist",
      reviewRating: 4,
      reviewDate: ISODate("2024-09-20T15:15:00Z"),
      reviewText: "Great book, but too technical."
   },
   {
      productId: "13",
      productModelName: "ModelD1",
      productCategory: "Electronics",
      productPrice: NumberDecimal("99.00"),
      storeID: "S007",
      storeZip: "78201",
      storeCity: "San Antonio",
      storeState: "TX",
      productOnSale: false,
      manufacturerName: "BrandG",
      manufacturerRebate: false,
      userID: "7",
      userAge: 37,
      userGender: "Male",
      userOccupation: "Mechanic",
      reviewRating: 5,
      reviewDate: ISODate("2024-09-21T14:45:00Z"),
      reviewText: "Great performance for the price."
   },
   {
      productId: "14",
      productModelName: "ModelD2",
      productCategory: "Electronics",
      productPrice: NumberDecimal("199.00"),
      storeID: "S007",
      storeZip: "78201",
      storeCity: "San Antonio",
      storeState: "TX",
      productOnSale: true,
      manufacturerName: "BrandG",
      manufacturerRebate: false,
      userID: "7",
      userAge: 37,
      userGender: "Male",
      userOccupation: "Mechanic",
      reviewRating: 4,
      reviewDate: ISODate("2024-09-21T14:45:00Z"),
      reviewText: "Good product, but some flaws."
   },
   {
      productId: "15",
      productModelName: "ModelE1",
      productCategory: "Home Appliances",
      productPrice: NumberDecimal("259.00"),
      storeID: "S008",
      storeZip: "92101",
      storeCity: "San Diego",
      storeState: "CA",
      productOnSale: false,
      manufacturerName: "BrandH",
      manufacturerRebate: true,
      userID: "8",
      userAge: 32,
      userGender: "Female",
      userOccupation: "Artist",
      reviewRating: 5,
      reviewDate: ISODate("2024-09-22T17:30:00Z"),
      reviewText: "Fantastic product, great quality."
   },
   {
      productId: "16",
      productModelName: "ModelE2",
      productCategory: "Home Appliances",
      productPrice: NumberDecimal("119.98"),
      storeID: "S008",
      storeZip: "92101",
      storeCity: "San Diego",
      storeState: "CA",
      productOnSale: true,
      manufacturerName: "BrandH",
      manufacturerRebate: false,
      userID: "8",
      userAge: 32,
      userGender: "Female",
      userOccupation: "Artist",
      reviewRating: 4,
      reviewDate: ISODate("2024-09-22T17:30:00Z"),
      reviewText: "Good quality, but not perfect."
   },
   {
      productId: "17",
      productModelName: "ModelF1",
      productCategory: "Books",
      productPrice: NumberDecimal("79.99"),
      storeID: "S009",
      storeZip: "10002",
      storeCity: "New York",
      storeState: "NY",
      productOnSale: true,
      manufacturerName: "BrandI",
      manufacturerRebate: false,
      userID: "9",
      userAge: 45,
      userGender: "Male",
      userOccupation: "Journalist",
      reviewRating: 5,
      reviewDate: ISODate("2024-09-23T13:20:00Z"),
      reviewText: "Fascinating and insightful."
   },
   {
      productId: "18",
      productModelName: "ModelF2",
      productCategory: "Books",
      productPrice: NumberDecimal("99.98"),
      storeID: "S009",
      storeZip: "10002",
      storeCity: "New York",
      storeState: "NY",
      productOnSale: false,
      manufacturerName: "BrandI",
      manufacturerRebate: true,
      userID: "9",
      userAge: 45,
      userGender: "Male",
      userOccupation: "Journalist",
      reviewRating: 4,
      reviewDate: ISODate("2024-09-23T13:20:00Z"),
      reviewText: "Well-written, but slow-paced."
   },
   {
      productId: "19",
      productModelName: "ModelG1",
      productCategory: "Fitness Equipment",
      productPrice: NumberDecimal("199.99"),
      storeID: "S010",
      storeZip: "90002",
      storeCity: "Los Angeles",
      storeState: "CA",
      productOnSale: false,
      manufacturerName: "BrandJ",
      manufacturerRebate: false,
      userID: "10",
      userAge: 40,
      userGender: "Female",
      userOccupation: "Photographer",
      reviewRating: 5,
      reviewDate: ISODate("2024-09-24T12:10:00Z"),
      reviewText: "Excellent for daily workouts!"
   },
   {
      productId: "20",
      productModelName: "ModelG2",
      productCategory: "Fitness Equipment",
      productPrice: NumberDecimal("129.99"),
      storeID: "S010",
      storeZip: "90002",
      storeCity: "Los Angeles",
      storeState: "CA",
      productOnSale: true,
      manufacturerName: "BrandJ",
      manufacturerRebate: false,
      userID: "10",
      userAge: 40,
      userGender: "Female",
      userOccupation: "Photographer",
      reviewRating: 4,
      reviewDate: ISODate("2024-09-24T12:10:00Z"),
      reviewText: "Good, but not as versatile as expected."
   },
   {
      productId: "1",
      productModelName: "ModelH1",
      productCategory: "Fashion",
      productPrice: NumberDecimal("249.99"),
      storeID: "S011",
      storeZip: "77002",
      storeCity: "Houston",
      storeState: "TX",
      productOnSale: false,
      manufacturerName: "BrandK",
      manufacturerRebate: true,
      userID: "11",
      userAge: 31,
      userGender: "Male",
      userOccupation: "Accountant",
      reviewRating: 5,
      reviewDate: ISODate("2024-09-25T16:45:00Z"),
      reviewText: "Stylish and comfortable!"
   },
   {
      productId: "2",
      productModelName: "ModelH2",
      productCategory: "Fashion",
      productPrice: NumberDecimal("229.00"),
      storeID: "S011",
      storeZip: "77002",
      storeCity: "Houston",
      storeState: "TX",
      productOnSale: false,
      manufacturerName: "BrandK",
      manufacturerRebate: false,
      userID: "11",
      userAge: 31,
      userGender: "Male",
      userOccupation: "Accountant",
      reviewRating: 4,
      reviewDate: ISODate("2024-09-25T16:45:00Z"),
      reviewText: "Great fit but a bit expensive."
   },
   {
      productId: "3",
      productModelName: "ModelI1",
      productCategory: "Home Appliances",
      productPrice: NumberDecimal("399.98"),
      storeID: "S012",
      storeZip: "85002",
      storeCity: "Phoenix",
      storeState: "AZ",
      productOnSale: true,
      manufacturerName: "BrandL",
      manufacturerRebate: true,
      userID: "12",
      userAge: 29,
      userGender: "Female",
      userOccupation: "Software Engineer",
      reviewRating: 5,
      reviewDate: ISODate("2024-09-26T13:30:00Z"),
      reviewText: "Amazing quality, highly recommended!"
   },
   {
      productId: "4",
      productModelName: "ModelI2",
      productCategory: "Home Appliances",
      productPrice: NumberDecimal("159.99"),
      storeID: "S012",
      storeZip: "85002",
      storeCity: "Phoenix",
      storeState: "AZ",
      productOnSale: false,
      manufacturerName: "BrandL",
      manufacturerRebate: false,
      userID: "12",
      userAge: 29,
      userGender: "Female",
      userOccupation: "Software Engineer",
      reviewRating: 4,
      reviewDate: ISODate("2024-09-26T13:30:00Z"),
      reviewText: "Good, but slightly overpriced."
   },
   {
      productId: "5",
      productModelName: "ModelJ1",
      productCategory: "Books",
      productPrice: NumberDecimal("99.00"),
      storeID: "S013",
      storeZip: "19102",
      storeCity: "Philadelphia",
      storeState: "PA",
      productOnSale: false,
      manufacturerName: "BrandM",
      manufacturerRebate: false,
      userID: "13",
      userAge: 45,
      userGender: "Male",
      userOccupation: "Consultant",
      reviewRating: 5,
      reviewDate: ISODate("2024-09-27T18:00:00Z"),
      reviewText: "A very insightful book!"
   },
   {
      productId: "6",
      productModelName: "ModelJ2",
      productCategory: "Books",
      productPrice: NumberDecimal("229.99"),
      storeID: "S013",
      storeZip: "19102",
      storeCity: "Philadelphia",
      storeState: "PA",
      productOnSale: false,
      manufacturerName: "BrandM",
      manufacturerRebate: true,
      userID: "13",
      userAge: 45,
      userGender: "Male",
      userOccupation: "Consultant",
      reviewRating: 4,
      reviewDate: ISODate("2024-09-27T18:00:00Z"),
      reviewText: "Good book, but not for beginners."
   },
   {
      productId: "7",
      productModelName: "ModelK1",
      productCategory: "Furniture",
      productPrice: NumberDecimal("249.99"),
      storeID: "S014",
      storeZip: "78202",
      storeCity: "San Antonio",
      storeState: "TX",
      productOnSale: false,
      manufacturerName: "BrandN",
      manufacturerRebate: true,
      userID: "14",
      userAge: 38,
      userGender: "Female",
      userOccupation: "Nurse",
      reviewRating: 5,
      reviewDate: ISODate("2024-09-28T14:40:00Z"),
      reviewText: "Stylish and durable furniture."
   },
   {
      productId: "8",
      productModelName: "ModelK2",
      productCategory: "Furniture",
      productPrice: NumberDecimal("99.98"),
      storeID: "S014",
      storeZip: "78202",
      storeCity: "San Antonio",
      storeState: "TX",
      productOnSale: true,
      manufacturerName: "BrandN",
      manufacturerRebate: false,
      userID: "14",
      userAge: 38,
      userGender: "Female",
      userOccupation: "Nurse",
      reviewRating: 4,
      reviewDate: ISODate("2024-09-28T14:40:00Z"),
      reviewText: "Good value, but delivery was slow."
   },
   {
      productId: "9",
      productModelName: "ModelL1",
      productCategory: "Fashion",
      productPrice: NumberDecimal("229.99"),
      storeID: "S015",
      storeZip: "92102",
      storeCity: "San Diego",
      storeState: "CA",
      productOnSale: true,
      manufacturerName: "BrandO",
      manufacturerRebate: false,
      userID: "15",
      userAge: 30,
      userGender: "Male",
      userOccupation: "Business Analyst",
      reviewRating: 5,
      reviewDate: ISODate("2024-09-29T11:15:00Z"),
      reviewText: "Great style and fit!"
   },
   {
      productId: "10",
      productModelName: "ModelL2",
      productCategory: "Fashion",
      productPrice: NumberDecimal("199.00"),
      storeID: "S015",
      storeZip: "92102",
      storeCity: "San Diego",
      storeState: "CA",
      productOnSale: false,
      manufacturerName: "BrandO",
      manufacturerRebate: true,
      userID: "15",
      userAge: 30,
      userGender: "Male",
      userOccupation: "Business Analyst",
      reviewRating: 4,
      reviewDate: ISODate("2024-09-29T11:15:00Z"),
      reviewText: "Nice fit, but fabric is a little stiff."
   },
   {
      productId: "11",
      productModelName: "ModelM1",
      productCategory: "Books",
      productPrice: NumberDecimal("49.99"),
      storeID: "S016",
      storeZip: "75201",
      storeCity: "Dallas",
      storeState: "TX",
      productOnSale: false,
      manufacturerName: "BrandP",
      manufacturerRebate: true,
      userID: "16",
      userAge: 44,
      userGender: "Female",
      userOccupation: "Teacher",
      reviewRating: 5,
      reviewDate: ISODate("2024-09-30T17:20:00Z"),
      reviewText: "An excellent book for educators!"
   },
   {
      productId: "12",
      productModelName: "ModelM2",
      productCategory: "Books",
      productPrice: NumberDecimal("159.98"),
      storeID: "S016",
      storeZip: "75201",
      storeCity: "Dallas",
      storeState: "TX",
      productOnSale: false,
      manufacturerName: "BrandP",
      manufacturerRebate: false,
      userID: "16",
      userAge: 44,
      userGender: "Female",
      userOccupation: "Teacher",
      reviewRating: 4,
      reviewDate: ISODate("2024-09-30T17:20:00Z"),
      reviewText: "Informative, but could be more detailed."
   }
]);