-- Users table inserts
INSERT INTO Users (Username, PasswordHash, UserType, FullName, Age, Gender, Street, City, State, ZipCode, Email, PhoneNumber, Occupation, ProfilePicture) VALUES
('jsmith', 'hash1', 'StoreManager', 'John Smith', 35, 'Male', '123 Main St', 'Chicago', 'IL', '60601', 'jsmith@email.com', '123-456-7890', 'Store Manager', 'profile1.jpg'),
('agarcia', 'hash2', 'SalesPerson', 'Ana Garcia', 28, 'Female', '456 Oak Ave', 'New York', 'NY', '10001', 'agarcia@email.com', '234-567-8901', 'Sales Representative', 'profile2.jpg'),
('mlee', 'hash3', 'SalesPerson', 'Mike Lee', 32, 'Male', '789 Pine Rd', 'Los Angeles', 'CA', '90001', 'mlee@email.com', '345-678-9012', 'Sales Representative', 'profile3.jpg'),
('lchen', 'hash4', 'Customer', 'Li Chen', 40, 'Female', '321 Elm St', 'Houston', 'TX', '77001', 'lchen@email.com', '456-789-0123', 'Engineer', 'profile4.jpg'),
('rjones', 'hash5', 'Customer', 'Robert Jones', 45, 'Male', '654 Maple Dr', 'Phoenix', 'AZ', '85001', 'rjones@email.com', '567-890-1234', 'Teacher', 'profile5.jpg'),
('spatel', 'hash6', 'Customer', 'Sita Patel', 30, 'Female', '987 Cedar Ln', 'Philadelphia', 'PA', '19101', 'spatel@email.com', '678-901-2345', 'Lawyer', 'profile6.jpg'),
('dkim', 'hash7', 'Customer', 'David Kim', 38, 'Male', '147 Birch Ct', 'San Antonio', 'TX', '78201', 'dkim@email.com', '789-012-3456', 'Doctor', 'profile7.jpg'),
('emurphy', 'hash8', 'Customer', 'Emma Murphy', 29, 'Female', '258 Willow Rd', 'San Diego', 'CA', '92101', 'emurphy@email.com', '890-123-4567', 'Artist', 'profile8.jpg'),
('ejohnson', 'hash9', 'StoreManager', 'Emily Johnson', 38, 'Female', '789 5th Ave', 'New York', 'NY', '10002', 'ejohnson@email.com', '901-234-5678', 'Store Manager', 'profile9.jpg'),
('mbrown', 'hash10', 'StoreManager', 'Michael Brown', 42, 'Male', '456 Sunset Blvd', 'Los Angeles', 'CA', '90002', 'mbrown@email.com', '012-345-6789', 'Store Manager', 'profile10.jpg'),
('sdavis', 'hash11', 'StoreManager', 'Sarah Davis', 36, 'Female', '123 Main St', 'Houston', 'TX', '77002', 'sdavis@email.com', '123-456-7891', 'Store Manager', 'profile11.jpg'),
('jwilson', 'hash12', 'StoreManager', 'James Wilson', 45, 'Male', '789 Central Ave', 'Phoenix', 'AZ', '85002', 'jwilson@email.com', '234-567-8902', 'Store Manager', 'profile12.jpg'),
('kthomas', 'hash13', 'StoreManager', 'Karen Thomas', 41, 'Female', '321 Market St', 'Philadelphia', 'PA', '19102', 'kthomas@email.com', '345-678-9013', 'Store Manager', 'profile13.jpg'),
('rlopez', 'hash14', 'StoreManager', 'Ricardo Lopez', 39, 'Male', '654 River Rd', 'San Antonio', 'TX', '78202', 'rlopez@email.com', '456-789-0124', 'Store Manager', 'profile14.jpg'),
('akim', 'hash15', 'StoreManager', 'Alice Kim', 37, 'Female', '987 Beach Blvd', 'San Diego', 'CA', '92102', 'akim@email.com', '567-890-1235', 'Store Manager', 'profile15.jpg'),
('jclark', 'hash16', 'StoreManager', 'John Clark', 44, 'Male', '741 Oak St', 'Dallas', 'TX', '75201', 'jclark@email.com', '678-901-2346', 'Store Manager', 'profile16.jpg'),
('mrodriguez', 'hash17', 'StoreManager', 'Maria Rodriguez', 40, 'Female', '852 Palm Ave', 'Miami', 'FL', '33101', 'mrodriguez@email.com', '789-012-3457', 'Store Manager', 'profile17.jpg'),
('dlee', 'hash18', 'StoreManager', 'David Lee', 43, 'Male', '963 Pine St', 'Seattle', 'WA', '98101', 'dlee@email.com', '890-123-4568', 'Store Manager', 'profile18.jpg'),
('jnguyen', 'hash19', 'StoreManager', 'Jennifer Nguyen', 35, 'Female', '159 Mountain Rd', 'Denver', 'CO', '80201', 'jnguyen@email.com', '901-234-5679', 'Store Manager', 'profile19.jpg'),
('rwilliams', 'hash20', 'StoreManager', 'Robert Williams', 46, 'Male', '357 Commonwealth Ave', 'Boston', 'MA', '02101', 'rwilliams@email.com', '012-345-6780', 'Store Manager', 'profile20.jpg'),
('lgarcia', 'hash21', 'StoreManager', 'Laura Garcia', 38, 'Female', '753 Peachtree St', 'Atlanta', 'GA', '30301', 'lgarcia@email.com', '123-456-7892', 'Store Manager', 'profile21.jpg'),
('bsmith', 'hash22', 'StoreManager', 'Brian Smith', 41, 'Male', '951 Woodward Ave', 'Detroit', 'MI', '48201', 'bsmith@email.com', '234-567-8903', 'Store Manager', 'profile22.jpg'),
('cjohnson', 'hash23', 'StoreManager', 'Christine Johnson', 39, 'Female', '357 Hennepin Ave', 'Minneapolis', 'MN', '55401', 'cjohnson@email.com', '345-678-9014', 'Store Manager', 'profile23.jpg'),
('mwilson', 'hash24', 'StoreManager', 'Mark Wilson', 44, 'Male', '246 Broadway', 'Portland', 'OR', '97201', 'mwilson@email.com', '456-789-0125', 'Store Manager', 'profile24.jpg'),
('dtaylor', 'hash25', 'StoreManager', 'Diana Taylor', 37, 'Female', '135 Las Vegas Blvd', 'Las Vegas', 'NV', '89101', 'dtaylor@email.com', '567-890-1236', 'Store Manager', 'profile25.jpg'),
('rmartin', 'hash26', 'StoreManager', 'Robert Martin', 42, 'Male', '579 Canal St', 'New Orleans', 'LA', '70112', 'rmartin@email.com', '678-901-2347', 'Store Manager', 'profile26.jpg'),
('omartinez', 'hash27', 'StoreManager', 'Olivia Martinez', 39, 'Female', '864 Music Row', 'Nashville', 'TN', '37201', 'omartinez@email.com', '789-012-3458', 'Store Manager', 'profile27.jpg'),
('jdoe', 'hash28', 'Customer', 'John Doe', 29, 'Male', '1010 Maple St', 'Austin', 'TX', '73301', 'jdoe@email.com', '111-222-3333', 'Software Engineer', 'profile28.jpg'),
('janedoe', 'hash29', 'Customer', 'Jane Doe', 34, 'Female', '2020 Oak St', 'Seattle', 'WA', '98102', 'janedoe@email.com', '222-333-4444', 'Graphic Designer', 'profile29.jpg'),
('michaeljohnson', 'hash30', 'Customer', 'Michael Johnson', 27, 'Male', '3030 Pine St', 'Miami', 'FL', '33101', 'michaeljohnson@email.com', '333-444-5555', 'Marketing Manager', 'profile30.jpg'),
('sarahconnor', 'hash31', 'Customer', 'Sarah Connor', 31, 'Female', '4040 Cedar St', 'San Francisco', 'CA', '94101', 'sarahconnor@email.com', '444-555-6666', 'Data Analyst', 'profile31.jpg'),
('williambrown', 'hash32', 'Customer', 'William Brown', 36, 'Male', '5050 Birch St', 'Orlando', 'FL', '32801', 'williambrown@email.com', '555-666-7777', 'Sales Manager', 'profile32.jpg'),
('emilydavis', 'hash33', 'Customer', 'Emily Davis', 29, 'Female', '6060 Elm St', 'Atlanta', 'GA', '30301', 'emilydavis@email.com', '666-777-8888', 'HR Specialist', 'profile33.jpg'),
('danielgarcia', 'hash34', 'Customer', 'Daniel Garcia', 40, 'Male', '7070 Maple St', 'Dallas', 'TX', '75201', 'danielgarcia@email.com', '777-888-9999', 'Project Manager', 'profile34.jpg'),
('oliviawilliams', 'hash35', 'Customer', 'Olivia Williams', 33, 'Female', '8080 Oak St', 'Phoenix', 'AZ', '85001', 'oliviawilliams@email.com', '888-999-0000', 'Nurse', 'profile35.jpg'),
('jamesmartinez', 'hash36', 'Customer', 'James Martinez', 38, 'Male', '9090 Pine St', 'Las Vegas', 'NV', '89101', 'jamesmartinez@email.com', '999-000-1111', 'Chef', 'profile36.jpg'),
('isabellaanderson', 'hash37', 'Customer', 'Isabella Anderson', 25, 'Female', '1111 Cedar St', 'Boston', 'MA', '02101', 'isabellaanderson@email.com', '000-111-2222', 'Teacher', 'profile37.jpg'),
('benjaminthomas', 'hash38', 'Customer', 'Benjamin Thomas', 42, 'Male', '1212 Birch St', 'Chicago', 'IL', '60601', 'benjaminthomas@email.com', '111-222-3333', 'Accountant', 'profile38.jpg'),
('masonrodriguez', 'hash39', 'Customer', 'Mason Rodriguez', 30, 'Female', '1313 Elm St', 'Houston', 'TX', '77001', 'masonrodriguez@email.com', '222-333-4444', 'Scientist', 'profile39.jpg'),
('charlottelee', 'hash40', 'Customer', 'Charlotte Lee', 37, 'Male', '1414 Oak St', 'San Diego', 'CA', '92101', 'charlottelee@email.com', '333-444-5555', 'Artist', 'profile40.jpg'),
('matthewwilson', 'hash41', 'Customer', 'Matthew Wilson', 32, 'Male', '1515 Pine St', 'Denver', 'CO', '80201', 'matthewwilson@email.com', '444-555-6666', 'Engineer', 'profile41.jpg'),
('sophiarobinson', 'hash42', 'Customer', 'Sophia Robinson', 28, 'Female', '1616 Cedar St', 'Nashville', 'TN', '37201', 'sophiarobinson@email.com', '555-666-7777', 'Teacher', 'profile42.jpg'),
('davidkim', 'hash43', 'Customer', 'David Kim', 35, 'Male', '1717 Elm St', 'Seattle', 'WA', '98101', 'davidkim@email.com', '666-777-8888', 'Doctor', 'profile43.jpg'),
('oliviajackson', 'hash44', 'Customer', 'Olivia Jackson', 31, 'Female', '1818 Maple St', 'Chicago', 'IL', '60601', 'oliviajackson@email.com', '777-888-9999', 'Lawyer', 'profile44.jpg'),
('ethanmiller', 'hash45', 'Customer', 'Ethan Miller', 39, 'Male', '1919 Cedar St', 'Phoenix', 'AZ', '85001', 'ethanmiller@email.com', '888-999-0000', 'Entrepreneur', 'profile45.jpg'),
('miawhite', 'hash46', 'Customer', 'Mia White', 26, 'Female', '2020 Elm St', 'San Francisco', 'CA', '94101', 'miawhite@email.com', '999-000-1111', 'Writer', 'profile46.jpg'),
('liamhall', 'hash47', 'Customer', 'Liam Hall', 34, 'Male', '2121 Maple St', 'Chicago', 'IL', '60601', 'liamhall@email.com', '000-111-2222', 'Lawyer', 'profile47.jpg'),
('avawhite', 'hash48', 'Customer', 'Ava White', 29, 'Female', '2222 Cedar St', 'Phoenix', 'AZ', '85001', 'avawhite@email.com', '111-222-3333', 'Teacher', 'profile48.jpg'),
('miaswhite', 'hash50', 'SalesPerson', 'Mias White', 26, 'Female', '2424 Oak St', 'Chicago', 'IL', '60601', 'miaswhite@email.com', '333-444-5555', 'Writer', 'profile50.jpg');

-- Stores table inserts
INSERT INTO Stores (StoreName, Street, City, State, ZipCode) VALUES
('SmartHomes Chicago', '123 State St', 'Chicago', 'IL', '60616'),
('SmartHomes NYC', '456 Broadway', 'New York', 'NY', '10002'),
('SmartHomes LA', '789 Hollywood Blvd', 'Los Angeles', 'CA', '92101'),
('SmartHomes Houston', '321 Texas Ave', 'Houston', 'TX', '77001'),
('SmartHomes Phoenix', '654 Desert Rd', 'Phoenix', 'AZ', '85001'),
('SmartHomes Philly', '987 Liberty St', 'Philadelphia', 'PA', '19102'),
('SmartHomes San Antonio', '147 Alamo Rd', 'San Antonio', 'TX', '78202'),
('SmartHomes San Diego', '258 Ocean Dr', 'San Diego', 'CA', '92102'),
('SmartHomes Dallas', '369 Cowboy Ln', 'Dallas', 'TX', '75201'),
('SmartHomes Miami', '741 Beach Blvd', 'Miami', 'FL', '33101'),
('SmartHomes Seattle', '852 Rain St', 'Seattle', 'WA', '98101'),
('SmartHomes Denver', '963 Mountain Rd', 'Denver', 'CO', '80201'),
('SmartHomes Boston', '159 History Ln', 'Boston', 'MA', '02101'),
('SmartHomes Atlanta', '753 Peach St', 'Atlanta', 'GA', '30301'),
('SmartHomes Detroit', '951 Motor Dr', 'Detroit', 'MI', '48201'),
('SmartHomes Minneapolis', '357 Lake Rd', 'Minneapolis', 'MN', '55401'),
('SmartHomes Portland', '246 Rose St', 'Portland', 'OR', '97201'),
('SmartHomes Las Vegas', '135 Casino Blvd', 'Las Vegas', 'NV', '89101'),
('SmartHomes New Orleans', '579 Jazz Ln', 'New Orleans', 'LA', '70112'),
('SmartHomes Nashville', '864 Country Rd', 'Nashville', 'TN', '37201');

-- Products table inserts
INSERT INTO Products (ProductModelName, ProductCategory, ProductPrice, ProductOnSale, ManufacturerName, ManufacturerRebate, Inventory, ProductImage, ProductDescription) VALUES
-- Smart Doorbells
('Ring Video Doorbell Pro', 'Smart Doorbells', 249.99, TRUE, 'Ring', FALSE, 100, 'ring-pro.jpg', 'Advanced video doorbell with 1080p HD video'),
('Nest Hello', 'Smart Doorbells', 229.00, FALSE, 'Google', TRUE, 75, 'nest-hello.jpg', 'Smart doorbell with facial recognition'),
('Arlo Essential', 'Smart Doorbells', 199.99, TRUE, 'Arlo', FALSE, 80, 'arlo-essential.jpg', 'Wire-free HD video doorbell'),
('Eufy Security', 'Smart Doorbells', 159.99, FALSE, 'Eufy', TRUE, 90, 'eufy-security.jpg', '2K HD doorbell with local storage'),
('RemoBell S', 'Smart Doorbells', 99.00, TRUE, 'RemoBell', FALSE, 70, 'remobell-s.jpg', 'Affordable smart video doorbell'),
-- Smart Doorlocks
('August Wi-Fi Smart Lock', 'Smart Doorlocks', 229.99, FALSE, 'August', TRUE, 85, 'august-lock.jpg', 'Wi-Fi enabled smart lock that fits over your existing deadbolt'),
('Schlage Encode', 'Smart Doorlocks', 249.99, TRUE, 'Schlage', FALSE, 60, 'schlage-encode.jpg', 'Wi-Fi deadbolt with built-in alarm'),
('Yale Assure Lock SL', 'Smart Doorlocks', 299.00, FALSE, 'Yale', TRUE, 55, 'yale-assure.jpg', 'Key-free touchscreen deadbolt'),
('Kwikset Halo', 'Smart Doorlocks', 229.00, TRUE, 'Kwikset', FALSE, 70, 'kwikset-halo.jpg', 'Wi-Fi smart lock with touchscreen'),
('Ultraloq U-Bolt Pro', 'Smart Doorlocks', 199.00, FALSE, 'Ultraloq', TRUE, 65, 'ultraloq-ubolt.jpg', '6-in-1 keyless entry smart lock'),
-- Smart Speakers
('Echo Dot (4th Gen)', 'Smart Speakers', 49.99, TRUE, 'Amazon', FALSE, 200, 'echo-dot.jpg', 'Smart speaker with Alexa'),
('Google Nest Mini', 'Smart Speakers', 49.00, FALSE, 'Google', TRUE, 180, 'nest-mini.jpg', 'Compact smart speaker with Google Assistant'),
('Apple HomePod Mini', 'Smart Speakers', 99.00, TRUE, 'Apple', FALSE, 150, 'homepod-mini.jpg', 'Compact smart speaker with Siri'),
('Sonos One', 'Smart Speakers', 199.00, FALSE, 'Sonos', TRUE, 100, 'sonos-one.jpg', 'Smart speaker with multiple voice assistants'),
('Bose Home Speaker 300', 'Smart Speakers', 259.00, TRUE, 'Bose', FALSE, 90, 'bose-300.jpg', 'Compact smart speaker with superior sound'),
-- Smart Lightings
('Philips Hue White and Color', 'Smart Lightings', 199.99, FALSE, 'Philips', TRUE, 150, 'hue-kit.jpg', 'Starter kit with 3 smart bulbs and bridge'),
('LIFX A19', 'Smart Lightings', 59.99, TRUE, 'LIFX', FALSE, 120, 'lifx-a19.jpg', 'Wi-Fi smart bulb with no hub required'),
('Sengled Smart LED', 'Smart Lightings', 79.99, FALSE, 'Sengled', TRUE, 100, 'sengled-kit.jpg', 'Starter kit with 2 bulbs and hub'),
('Nanoleaf Shapes', 'Smart Lightings', 199.99, TRUE, 'Nanoleaf', FALSE, 80, 'nanoleaf-shapes.jpg', 'Modular smart light panels'),
('Yeelight Smart LED Bulb', 'Smart Lightings', 29.99, FALSE, 'Yeelight', TRUE, 200, 'yeelight-bulb.jpg', 'Affordable smart bulb with multiple colors'),
-- Smart Thermostats
('Nest Thermostat', 'Smart Thermostats', 249.99, TRUE, 'Google', FALSE, 120, 'nest-thermostat.jpg', 'Wi-Fi enabled smart thermostat'),
('Ecobee3 Lite', 'Smart Thermostats', 199.00, FALSE, 'Ecobee', TRUE, 100, 'ecobee-lite.jpg', 'Wi-Fi enabled smart thermostat with voice control'),
('Honeywell Lyric', 'Smart Thermostats', 299.00, TRUE, 'Honeywell', FALSE, 80, 'honeywell-lyric.jpg', 'Wi-Fi enabled smart thermostat with touchscreen'),
('Levoit Smart Wi-Fi Thermostat', 'Smart Thermostats', 149.00, FALSE, 'Levoit', TRUE, 90, 'levoit-thermostat.jpg', 'Wi-Fi enabled smart thermostat with voice control'),
('Sengled Smart Thermostat', 'Smart Thermostats', 129.99, TRUE, 'Sengled', FALSE, 70, 'sengled-thermostat.jpg', 'Wi-Fi enabled smart thermostat with touchscreen'),
-- Accessories
('Smart Plug', 'Accessories', 24.99, TRUE, 'TP-Link', FALSE, 150, 'smart-plug.jpg', 'Wi-Fi smart plug for remote control of devices'),
('Smart Light Strip', 'Accessories', 39.99, TRUE, 'Philips', TRUE, 100, 'light-strip.jpg', 'Flexible smart light strip with color options'),
('Smart Thermometer', 'Accessories', 49.99, FALSE, 'Govee', TRUE, 80, 'smart-thermometer.jpg', 'Smart thermometer with app control'),
('Smart Security Camera', 'Accessories', 89.99, TRUE, 'Arlo', FALSE, 60, 'security-camera.jpg', 'HD security camera with night vision'),
('Smart Door Sensor', 'Accessories', 29.99, TRUE, 'Ring', TRUE, 120, 'door-sensor.jpg', 'Smart sensor for monitoring door status'),
('Smart Video Doorbell Chime', 'Accessories', 49.99, TRUE, 'Ring', FALSE, 100, 'doorbell-chime.jpg', 'Chime for video doorbells to alert you of visitors'),
('Smart Home Hub', 'Accessories', 99.99, TRUE, 'Samsung', TRUE, 80, 'smart-home-hub.jpg', 'Central hub for connecting and controlling smart devices');

-- Product Accessories table inserts
INSERT INTO ProductAccessories (ProductID, AccessoryID) VALUES
(1, 26), (2, 27), (3, 28), (4, 29), (5, 30),
(6, 31), (7, 32),
(1, 30), (2, 29), (3, 26), (4, 31), (5, 32), 
(8, 26), (9, 30), (10, 31), (11, 29), (12, 32);

-- Customers table inserts
INSERT INTO Customers (UserID) VALUES
(4), (5), (6), (7), (8), (28), (29), (30), (31), (32), (33), (34), (35), (36), (37), (38), (39), (40), (41), (42), (43), (44), (45), (46), (47), (48);

-- Transactions table inserts
INSERT INTO Transactions (CustomerID, StoreID, ProductID, OrderID, PurchaseDate, ShipDate, Quantity, Price, ShippingCost, Discount, TotalSales, ShippingAddressStreet, ShippingAddressCity, ShippingAddressState, ShippingAddressZipCode, StoreAddressStreet, StoreAddressCity, StoreAddressState, StoreAddressZipCode, CreditCardNumber, OrderStatus, Category) VALUES
(1, 1, 1, 'ORD001', '2024-09-01 10:00:00', '2024-09-15 14:00:00', 1, 249.99, 10.00, 0.00, 259.99, '321 Elm St', 'Houston', 'TX', '77001', '123 State St', 'Chicago', 'IL', '60602', '1234567890123456', 'Delivered', 'Smart Doorbells'),
(1, 1, 2, 'ORD001', '2024-09-01 10:00:00', '2024-09-15 14:00:00', 1, 229.00, 0.00, 0.00, 229.00, '321 Elm St', 'Houston', 'TX', '77001', '123 State St', 'Chicago', 'IL', '60602', '1234567890123456', 'Delivered', 'Smart Doorbells'),
(2, 2, 3, 'ORD002', '2024-09-02 11:30:00', '2024-09-16 15:30:00', 2, 399.98, 15.00, 10.00, 404.98, '456 Oak Ave', 'New York', 'NY', '10001', '456 Broadway', 'New York', 'NY', '10002', '2345678901234567', 'Delivered', 'Smart Doorbells'),
(2, 2, 4, 'ORD002', '2024-09-02 11:30:00', '2024-09-16 15:30:00', 1, 159.99, 0.00, 0.00, 159.99, '456 Oak Ave', 'New York', 'NY', '10001', '456 Broadway', 'New York', 'NY', '10002', '2345678901234567', 'Delivered', 'Smart Doorbells'),
(3, 3, 5, 'ORD003', '2024-09-03 09:15:00', '2024-09-17 13:45:00', 1, 99.00, 10.00, 0.00, 109.00, '789 Pine Rd', 'Los Angeles', 'CA', '90001', '789 Hollywood Blvd', 'Los Angeles', 'CA', '90002', '3456789012345678', 'Delivered', 'Smart Doorbells'),
(3, 3, 6, 'ORD003', '2024-09-03 09:15:00', '2024-09-17 13:45:00', 1, 229.99, 0.00, 0.00, 229.99, '789 Pine Rd', 'Los Angeles', 'CA', '90001', '789 Hollywood Blvd', 'Los Angeles', 'CA', '90002', '3456789012345678', 'Delivered', 'Smart Doorbells'),
(4, 4, 7, 'ORD004', '2024-09-04 14:20:00', '2024-09-18 16:00:00', 1, 249.99, 15.00, 0.00, 264.99, '321 Elm St', 'Houston', 'TX', '77001', '321 Texas Ave', 'Houston', 'TX', '77002', '4567890123456789', 'Delivered', 'Smart Doorlocks'),
(4, 4, 8, 'ORD004', '2024-09-04 14:20:00', '2024-09-18 16:00:00', 2, 99.98, 0.00, 10.00, 89.98, '321 Elm St', 'Houston', 'TX', '77001', '321 Texas Ave', 'Houston', 'TX', '77002', '4567890123456789', 'Delivered', 'Smart Doorlocks'),
(5, 5, 9, 'ORD005', '2024-09-05 16:45:00', '2024-09-19 11:30:00', 1, 229.99, 20.00, 0.00, 249.99, '654 Maple Dr', 'Phoenix', 'AZ', '85001', '654 Desert Rd', 'Phoenix', 'AZ', '85002', '5678901234567890', 'Delivered', 'Smart Doorlocks'),
(5, 5, 10, 'ORD005', '2024-09-05 16:45:00', '2024-09-19 11:30:00', 1, 199.00, 0.00, 0.00, 199.00, '654 Maple Dr', 'Phoenix', 'AZ', '85001', '654 Desert Rd', 'Phoenix', 'AZ', '85002', '5678901234567890', 'Delivered', 'Smart Doorlocks'),
(6, 6, 11, 'ORD006', '2024-09-06 13:10:00', '2024-09-20 15:15:00', 1, 49.99, 10.00, 0.00, 59.99, '987 Cedar Ln', 'Philadelphia', 'PA', '19101', '987 Liberty St', 'Philadelphia', 'PA', '19102', '6789012345678901', 'Delivered', 'Smart Speakers'),
(6, 6, 12, 'ORD006', '2024-09-06 13:10:00', '2024-09-20 15:15:00', 2, 159.98, 0.00, 15.00, 144.98, '987 Cedar Ln', 'Philadelphia', 'PA', '19101', '987 Liberty St', 'Philadelphia', 'PA', '19102', '6789012345678901', 'Delivered', 'Smart Speakers'),
(7, 7, 13, 'ORD007', '2024-09-07 10:30:00', '2024-09-21 14:45:00', 1, 99.00, 15.00, 0.00, 114.00, '147 Birch Ct', 'San Antonio', 'TX', '78201', '147 Alamo Rd', 'San Antonio', 'TX', '78202', '7890123456789012', 'Delivered', 'Smart Speakers'),
(7, 7, 14, 'ORD007', '2024-09-07 10:30:00', '2024-09-21 14:45:00', 1, 199.00, 0.00, 20.00, 179.00, '147 Birch Ct', 'San Antonio', 'TX', '78201', '147 Alamo Rd', 'San Antonio', 'TX', '78202', '7890123456789012', 'Delivered', 'Smart Speakers'),
(8, 8, 15, 'ORD008', '2024-09-08 15:55:00', '2024-09-22 17:30:00', 1, 259.00, 20.00, 0.00, 279.00, '258 Willow Rd', 'San Diego', 'CA', '92101', '258 Ocean Dr', 'San Diego', 'CA', '92102', '8901234567890123', 'Delivered', 'Smart Speakers'),
(8, 8, 16, 'ORD008', '2024-09-08 15:55:00', '2024-09-22 17:30:00', 2, 119.98, 0.00, 10.00, 109.98, '258 Willow Rd', 'San Diego', 'CA', '92101', '258 Ocean Dr', 'San Diego', 'CA', '92102', '8901234567890123', 'Delivered', 'Smart Speakers'),
(9, 9, 17, 'ORD009', '2024-09-09 11:40:00', '2024-09-23 13:20:00', 1, 79.99, 10.00, 0.00, 89.99, '789 5th Ave', 'New York', 'NY', '10002', '369 Cowboy Ln', 'Dallas', 'TX', '75201', '9012345678901234', 'Delivered', 'Accessories'),
(9, 9, 18, 'ORD009', '2024-09-09 11:40:00', '2024-09-23 13:20:00', 2, 99.98, 0.00, 0.00, 99.98, '789 5th Ave', 'New York', 'NY', '10002', '369 Cowboy Ln', 'Dallas', 'TX', '75201', '9012345678901234', 'Delivered', 'Accessories'),
(10, 10, 19, 'ORD010', '2024-09-10 09:25:00', '2024-09-24 12:10:00', 1, 199.99, 15.00, 0.00, 214.99, '456 Sunset Blvd', 'Los Angeles', 'CA', '90002', '741 Beach Blvd', 'Miami', 'FL', '33101', '0123456789012345', 'Delivered', 'Accessories'),
(10, 10, 20, 'ORD010', '2024-09-10 09:25:00', '2024-09-24 12:10:00', 1, 129.99, 0.00, 0.00, 129.99, '456 Sunset Blvd', 'Los Angeles', 'CA', '90002', '741 Beach Blvd', 'Miami', 'FL', '33101', '0123456789012345', 'Delivered', 'Accessories'),
(11, 11, 1, 'ORD011', '2024-09-11 14:15:00', '2024-09-25 16:45:00', 1, 249.99, 20.00, 25.00, 244.99, '123 Main St', 'Houston', 'TX', '77002', '852 Rain St', 'Seattle', 'WA', '98101', '1234567890123457', 'Delivered', 'Smart Thermostats'),
(11, 11, 2, 'ORD011', '2024-09-11 14:15:00', '2024-09-25 16:45:00', 1, 229.00, 0.00, 0.00, 229.00, '123 Main St', 'Houston', 'TX', '77002', '852 Rain St', 'Seattle', 'WA', '98101', '1234567890123457', 'Delivered', 'Smart Thermostats'),
(12, 12, 3, 'ORD012', '2024-09-12 10:50:00', '2024-09-26 13:30:00', 2, 399.98, 15.00, 40.00, 374.98, '789 Central Ave', 'Phoenix', 'AZ', '85002', '963 Mountain Rd', 'Denver', 'CO', '80201', '2345678901234568', 'Delivered', 'Smart Thermostats'),
(12, 12, 4, 'ORD012', '2024-09-12 10:50:00', '2024-09-26 13:30:00', 1, 159.99, 0.00, 0.00, 159.99, '789 Central Ave', 'Phoenix', 'AZ', '85002', '963 Mountain Rd', 'Denver', 'CO', '80201', '2345678901234568', 'Delivered', 'Smart Thermostats'),
(13, 13, 5, 'ORD013', '2024-09-13 16:20:00', '2024-09-27 18:00:00', 1, 99.00, 10.00, 0.00, 109.00, '321 Market St', 'Philadelphia', 'PA', '19102', '159 History Ln', 'Boston', 'MA', '02101', '3456789012345679', 'Delivered', 'Smart Doorbells'),
(13, 13, 6, 'ORD013', '2024-09-13 16:20:00', '2024-09-27 18:00:00', 1, 229.99, 0.00, 20.00, 209.99, '321 Market St', 'Philadelphia', 'PA', '19102', '159 History Ln', 'Boston', 'MA', '02101', '3456789012345679', 'Delivered', 'Smart Doorbells'),
(14, 14, 7, 'ORD014', '2024-09-14 12:05:00', '2024-09-28 14:40:00', 1, 249.99, 15.00, 0.00, 264.99, '654 River Rd', 'San Antonio', 'TX', '78202', '753 Peach St', 'Atlanta', 'GA', '30301', '4567890123456780', 'Delivered', 'Smart Doorlocks'),
(14, 14, 8, 'ORD014', '2024-09-14 12:05:00', '2024-09-28 14:40:00', 2, 99.98, 0.00, 10.00, 89.98, '654 River Rd', 'San Antonio', 'TX', '78202', '753 Peach St', 'Atlanta', 'GA', '30301', '4567890123456780', 'Delivered', 'Smart Doorlocks'),
(15, 15, 9, 'ORD015', '2024-09-15 09:30:00', '2024-09-29 11:15:00', 1, 229.99, 20.00, 0.00, 249.99, '987 Beach Blvd', 'San Diego', 'CA', '92102', '951 Motor Dr', 'Detroit', 'MI', '48201', '5678901234567891', 'Delivered', 'Smart Doorlocks'),
(15, 15, 10, 'ORD015', '2024-09-15 09:30:00', '2024-09-29 11:15:00', 1, 199.00, 0.00, 0.00, 199.00, '987 Beach Blvd', 'San Diego', 'CA', '92102', '951 Motor Dr', 'Detroit', 'MI', '48201', '5678901234567891', 'Delivered', 'Smart Doorlocks'),
(16, 16, 11, 'ORD016', '2024-09-16 15:40:00', '2024-09-30 17:20:00', 1, 49.99, 10.00, 0.00, 59.99, '741 Oak St', 'Dallas', 'TX', '75201', '357 Lake Rd', 'Minneapolis', 'MN', '55401', '6789012345678902', 'Delivered', 'Smart Speakers'),
(16, 16, 12, 'ORD016', '2024-09-16 15:40:00', '2024-09-30 17:20:00', 2, 159.98, 0.00, 15.00, 144.98, '741 Oak St', 'Dallas', 'TX', '75201', '357 Lake Rd', 'Minneapolis', 'MN', '55401', '6789012345678902', 'Delivered', 'Smart Speakers'),
(17, 17, 13, 'ORD017', '2024-09-17 11:25:00', '2024-10-01 13:50:00', 1, 99.00, 15.00, 0.00, 114.00, '852 Palm Ave', 'Miami', 'FL', '33101', '246 Rose St', 'Portland', 'OR', '97201', '7890123456789013', 'Delivered', 'Smart Speakers'),
(17, 17, 14, 'ORD017', '2024-09-17 11:25:00', '2024-10-01 13:50:00', 1, 199.00, 0.00, 20.00, 179.00, '852 Palm Ave', 'Miami', 'FL', '33101', '246 Rose St', 'Portland', 'OR', '97201', '7890123456789013', 'Delivered', 'Smart Speakers'),
(18, 18, 15, 'ORD018', '2024-09-18 14:55:00', '2024-10-02 16:30:00', 1, 259.00, 20.00, 0.00, 279.00, '963 Pine St', 'Seattle', 'WA', '98101', '135 Casino Blvd', 'Las Vegas', 'NV', '89101', '8901234567890124', 'Delivered', 'Smart Speakers'),
(18, 18, 16, 'ORD018', '2024-09-18 14:55:00', '2024-10-02 16:30:00', 2, 119.98, 0.00, 10.00, 109.98, '963 Pine St', 'Seattle', 'WA', '98101', '135 Casino Blvd', 'Las Vegas', 'NV', '89101', '8901234567890124', 'Delivered', 'Smart Speakers'),
(19, 19, 17, 'ORD019', '2024-09-19 10:10:00', '2024-10-03 12:45:00', 1, 79.99, 10.00, 0.00, 89.99, '159 Mountain Rd', 'Denver', 'CO', '80201', '579 Jazz Ln', 'New Orleans', 'LA', '70112', '9012345678901235', 'Delivered', 'Accessories'),
(19, 19, 18, 'ORD019', '2024-09-19 10:10:00', '2024-10-03 12:45:00', 2, 99.98, 0.00, 0.00, 99.98, '159 Mountain Rd', 'Denver', 'CO', '80201', '579 Jazz Ln', 'New Orleans', 'LA', '70112', '9012345678901235', 'Delivered', 'Accessories'),
(20, 20, 19, 'ORD020', '2024-09-20 13:35:00', '2024-10-04 15:10:00', 1, 199.99, 15.00, 0.00, 214.99, '357 Commonwealth Ave', 'Boston', 'MA', '02101', '864 Country Rd', 'Nashville', 'TN', '37201', '0123456789012346', 'Delivered', 'Accessories'),
(20, 20, 20, 'ORD020', '2024-09-20 13:35:00', '2024-10-04 15:10:00', 1, 129.99, 0.00, 0.00, 129.99, '357 Commonwealth Ave', 'Boston', 'MA', '02101', '864 Country Rd', 'Nashville', 'TN', '37201', '0123456789012346', 'Delivered', 'Accessories'),
(21, 1, 1, 'ORD021', '2024-09-21 14:00:00', '2024-10-05 14:45:00', 1, 249.99, 20.00, 25.00, 244.99, '753 Peachtree St', 'Atlanta', 'GA', '30301', '123 State St', 'Chicago', 'IL', '60602', '1234567890123456', 'Delivered', 'Smart Thermostats'),
(21, 1, 2, 'ORD021', '2024-09-21 14:00:00', '2024-10-05 14:45:00', 1, 229.00, 0.00, 0.00, 229.00, '753 Peachtree St', 'Atlanta', 'GA', '30301', '123 State St', 'Chicago', 'IL', '60602', '1234567890123456', 'Delivered', 'Smart Thermostats'),
(22, 2, 3, 'ORD022', '2024-09-22 15:10:00', '2024-10-06 16:20:00', 2, 399.98, 15.00, 40.00, 374.98, '951 Woodward Ave', 'Detroit', 'MI', '48201', '456 Broadway', 'New York', 'NY', '10002', '2345678901234567', 'Delivered', 'Smart Thermostats'),
(22, 2, 4, 'ORD022', '2024-09-22 15:10:00', '2024-10-06 16:20:00', 1, 159.99, 0.00, 0.00, 159.99, '951 Woodward Ave', 'Detroit', 'MI', '48201', '456 Broadway', 'New York', 'NY', '10002', '2345678901234567', 'Delivered', 'Smart Thermostats'),
(23, 3, 5, 'ORD023', '2024-09-23 13:45:00', '2024-10-07 15:30:00', 1, 99.00, 10.00, 0.00, 109.00, '357 Hennepin Ave', 'Minneapolis', 'MN', '55401', '789 Hollywood Blvd', 'Los Angeles', 'CA', '90002', '3456789012345678', 'Delivered', 'Smart Doorbells'),
(23, 3, 6, 'ORD023', '2024-09-23 13:45:00', '2024-10-07 15:30:00', 1, 229.99, 0.00, 20.00, 209.99, '357 Hennepin Ave', 'Minneapolis', 'MN', '55401', '789 Hollywood Blvd', 'Los Angeles', 'CA', '90002', '3456789012345678', 'Delivered', 'Smart Doorbells'),
(24, 4, 7, 'ORD024', '2024-09-24 14:30:00', '2024-10-08 16:00:00', 1, 249.99, 15.00, 0.00, 264.99, '246 Broadway', 'Portland', 'OR', '97201', '321 Texas Ave', 'Houston', 'TX', '77002', '4567890123456789', 'Delivered', 'Smart Doorlocks'),
(24, 4, 8, 'ORD024', '2024-09-24 14:30:00', '2024-10-08 16:00:00', 2, 99.98, 0.00, 10.00, 89.98, '246 Broadway', 'Portland', 'OR', '97201', '321 Texas Ave', 'Houston', 'TX', '77002', '4567890123456789', 'Delivered', 'Smart Doorlocks'),
(25, 5, 9, 'ORD025', '2024-09-25 15:55:00', '2024-10-09 11:30:00', 1, 229.99, 20.00, 0.00, 249.99, '135 Las Vegas Blvd', 'Las Vegas', 'NV', '89101', '654 Desert Rd', 'Phoenix', 'AZ', '85002', '5678901234567890', 'Delivered', 'Smart Doorlocks'),
(25, 5, 10, 'ORD025', '2024-09-25 15:55:00', '2024-10-09 11:30:00', 1, 199.00, 0.00, 0.00, 199.00, '135 Las Vegas Blvd', 'Las Vegas', 'NV', '89101', '654 Desert Rd', 'Phoenix', 'AZ', '85002', '5678901234567890', 'Delivered', 'Smart Doorlocks'),
(26, 6, 11, 'ORD026', '2024-09-26 12:00:00', '2024-10-10 17:00:00', 1, 49.99, 10.00, 0.00, 59.99, '579 Canal St', 'New Orleans', 'LA', '70112', '987 Liberty St', 'Philadelphia', 'PA', '19102', '6789012345678901', 'Delivered', 'Smart Speakers'),
(26, 6, 12, 'ORD026', '2024-09-26 12:00:00', '2024-10-10 17:00:00', 2, 159.98, 0.00, 15.00, 144.98, '579 Canal St', 'New Orleans', 'LA', '70112', '987 Liberty St', 'Philadelphia', 'PA', '19102', '6789012345678901', 'Delivered', 'Smart Speakers'),
(1, 7, 13, 'ORD027', '2024-09-27 11:20:00', '2024-10-11 14:30:00', 1, 99.00, 15.00, 0.00, 114.00, '864 Music Row', 'Nashville', 'TN', '37201', '147 Alamo Rd', 'San Antonio', 'TX', '78202', '7890123456789012', 'Delivered', 'Smart Speakers'),
(1, 7, 14, 'ORD027', '2024-09-27 11:20:00', '2024-10-11 14:30:00', 1, 199.00, 0.00, 20.00, 179.00, '864 Music Row', 'Nashville', 'TN', '37201', '147 Alamo Rd', 'San Antonio', 'TX', '78202', '7890123456789012', 'Delivered', 'Smart Speakers'),
(2, 8, 15, 'ORD028', '2024-09-28 16:10:00', '2024-10-12 18:00:00', 1, 259.00, 20.00, 0.00, 279.00, '1010 Maple St', 'Austin', 'TX', '73301', '258 Ocean Dr', 'San Diego', 'CA', '92102', '8901234567890123', 'Delivered', 'Smart Speakers'),
(2, 8, 16, 'ORD028', '2024-09-28 16:10:00', '2024-10-12 18:00:00', 2, 119.98, 0.00, 10.00, 109.98, '1010 Maple St', 'Austin', 'TX', '73301', '258 Ocean Dr', 'San Diego', 'CA', '92102', '8901234567890123', 'Delivered', 'Smart Speakers'),
(3, 9, 17, 'ORD029', '2024-09-29 14:45:00', '2024-10-13 16:30:00', 1, 79.99, 10.00, 0.00, 89.99, '2020 Oak St', 'Seattle', 'WA', '98102', '369 Cowboy Ln', 'Dallas', 'TX', '75201', '9012345678901234', 'Delivered', 'Accessories'),
(3, 9, 18, 'ORD029', '2024-09-29 14:45:00', '2024-10-13 16:30:00', 2, 99.98, 0.00, 0.00, 99.98, '2020 Oak St', 'Seattle', 'WA', '98102', '369 Cowboy Ln', 'Dallas', 'TX', '75201', '9012345678901234', 'Delivered', 'Accessories'),
(4, 10, 19, 'ORD030', '2024-09-30 10:00:00', '2024-10-14 12:00:00', 1, 199.99, 15.00, 0.00, 214.99, '3030 Pine St', 'Miami', 'FL', '33101', '741 Beach Blvd', 'Miami', 'FL', '33101', '0123456789012345', 'Delivered', 'Accessories'),
(4, 10, 20, 'ORD030', '2024-09-30 10:00:00', '2024-10-14 12:00:00', 1, 129.99, 0.00, 0.00, 129.99, '3030 Pine St', 'Miami', 'FL', '33101', '741 Beach Blvd', 'Miami', 'FL', '33101', '0123456789012345', 'Delivered', 'Accessories'),
(5, 11, 1, 'ORD031', '2024-09-30 14:15:00', '2024-10-15 16:30:00', 1, 249.99, 20.00, 25.00, 244.99, '4040 Cedar St', 'San Francisco', 'CA', '94101', '852 Rain St', 'Seattle', 'WA', '98101', '1234567890123457', 'Delivered', 'Smart Thermostats'),
(5, 11, 2, 'ORD031', '2024-09-30 14:15:00', '2024-10-15 16:30:00', 1, 229.00, 0.00, 0.00, 229.00, '4040 Cedar St', 'San Francisco', 'CA', '94101', '852 Rain St', 'Seattle', 'WA', '98101', '1234567890123457', 'Delivered', 'Smart Thermostats'),
(6, 12, 3, 'ORD032', '2024-10-01 09:30:00', '2024-10-16 14:30:00', 2, 399.98, 15.00, 40.00, 374.98, '5050 Birch St', 'Orlando', 'FL', '32801', '963 Mountain Rd', 'Denver', 'CO', '80201', '2345678901234568', 'Pending', 'Smart Thermostats'),
(6, 12, 4, 'ORD032', '2024-10-01 09:30:00', '2024-10-16 14:30:00', 1, 159.99, 0.00, 0.00, 159.99, '5050 Birch St', 'Orlando', 'FL', '32801', '963 Mountain Rd', 'Denver', 'CO', '80201', '2345678901234568', 'Pending', 'Smart Thermostats'),
(7, 13, 5, 'ORD033', '2024-10-02 10:15:00', '2024-10-17 12:45:00', 1, 99.00, 10.00, 0.00, 109.00, '6060 Elm St', 'Atlanta', 'GA', '30301', '159 History Ln', 'Boston', 'MA', '02101', '3456789012345679', 'Pending', 'Smart Doorbells'),
(7, 13, 6, 'ORD033', '2024-10-02 10:15:00', '2024-10-17 12:45:00', 1, 229.99, 0.00, 20.00, 209.99, '6060 Elm St', 'Atlanta', 'GA', '30301', '159 History Ln', 'Boston', 'MA', '02101', '3456789012345679', 'Pending', 'Smart Doorbells'),
(8, 14, 7, 'ORD034', '2024-10-03 11:30:00', '2024-10-18 13:45:00', 1, 249.99, 15.00, 0.00, 264.99, '7070 Maple St', 'Dallas', 'TX', '75201', '753 Peach St', 'Atlanta', 'GA', '30301', '4567890123456780', 'Pending', 'Smart Thermostats'),
(8, 14, 8, 'ORD034', '2024-10-03 11:30:00', '2024-10-18 13:45:00', 2, 99.98, 0.00, 10.00, 89.98, '7070 Maple St', 'Dallas', 'TX', '75201', '753 Peach St', 'Atlanta', 'GA', '30301', '4567890123456780', 'Pending', 'Smart Thermostats'),
(9, 15, 9, 'ORD035', '2024-10-04 12:45:00', '2024-10-19 15:00:00', 1, 229.99, 20.00, 0.00, 249.99, '8080 Oak St', 'Phoenix', 'AZ', '85001', '951 Motor Dr', 'Detroit', 'MI', '48201', '5678901234567891', 'Delivered', 'Smart Doorlocks'),
(9, 15, 10, 'ORD035', '2024-10-04 12:45:00', '2024-10-19 15:00:00', 1, 199.00, 0.00, 0.00, 199.00, '8080 Oak St', 'Phoenix', 'AZ', '85001', '951 Motor Dr', 'Detroit', 'MI', '48201', '5678901234567891', 'Delivered', 'Smart Doorlocks'),
(10, 16, 11, 'ORD036', '2024-10-05 14:00:00', '2024-10-20 16:15:00', 1, 49.99, 10.00, 0.00, 59.99, '9090 Pine St', 'Las Vegas', 'NV', '89101', '357 Lake Rd', 'Minneapolis', 'MN', '55401', '6789012345678902', 'Delivered', 'Smart Speakers'),
(10, 16, 12, 'ORD036', '2024-10-05 14:00:00', '2024-10-20 16:15:00', 2, 159.98, 0.00, 15.00, 144.98, '9090 Pine St', 'Las Vegas', 'NV', '89101', '357 Lake Rd', 'Minneapolis', 'MN', '55401', '6789012345678902', 'Delivered', 'Smart Speakers'),
(11, 17, 13, 'ORD037', '2024-10-06 15:15:00', '2024-10-21 17:30:00', 1, 99.00, 15.00, 0.00, 114.00, '1111 Cedar St', 'Boston', 'MA', '02101', '246 Rose St', 'Portland', 'OR', '97201', '7890123456789013', 'Delivered', 'Smart Speakers'),
(11, 17, 14, 'ORD037', '2024-10-06 15:15:00', '2024-10-21 17:30:00', 1, 199.00, 0.00, 20.00, 179.00, '1111 Cedar St', 'Boston', 'MA', '02101', '246 Rose St', 'Portland', 'OR', '97201', '7890123456789013', 'Delivered', 'Smart Speakers'),
(12, 18, 15, 'ORD038', '2024-10-07 16:30:00', '2024-10-22 18:45:00', 1, 259.00, 20.00, 0.00, 279.00, '1212 Birch St', 'Chicago', 'IL', '60601', '135 Casino Blvd', 'Las Vegas', 'NV', '89101', '8901234567890124', 'Delivered', 'Smart Speakers'),
(12, 18, 16, 'ORD038', '2024-10-07 16:30:00', '2024-10-22 18:45:00', 2, 119.98, 0.00, 10.00, 109.98, '1212 Birch St', 'Chicago', 'IL', '60601', '135 Casino Blvd', 'Las Vegas', 'NV', '89101', '8901234567890124', 'Delivered', 'Smart Speakers'),
(13, 19, 17, 'ORD039', '2024-10-08 17:45:00', '2024-10-23 20:00:00', 1, 79.99, 10.00, 0.00, 89.99, '1313 Elm St', 'Houston', 'TX', '77001', '579 Jazz Ln', 'New Orleans', 'LA', '70112', '9012345678901235', 'Delivered', 'Accessories'),
(13, 19, 18, 'ORD039', '2024-10-08 17:45:00', '2024-10-23 20:00:00', 2, 99.98, 0.00, 0.00, 99.98, '1313 Elm St', 'Houston', 'TX', '77001', '579 Jazz Ln', 'New Orleans', 'LA', '70112', '9012345678901235', 'Delivered', 'Accessories'),
(14, 20, 19, 'ORD040', '2024-10-09 19:00:00', '2024-10-24 21:15:00', 1, 199.99, 15.00, 0.00, 214.99, '1414 Oak St', 'San Diego', 'CA', '92101', '864 Country Rd', 'Nashville', 'TN', '37201', '0123456789012346', 'Delivered', 'Accessories'),
(14, 20, 20, 'ORD040', '2024-10-09 19:00:00', '2024-10-24 21:15:00', 1, 129.99, 0.00, 0.00, 129.99, '1414 Oak St', 'San Diego', 'CA', '92101', '864 Country Rd', 'Nashville', 'TN', '37201', '0123456789012346', 'Delivered', 'Accessories'),
(15, 1, 1, 'ORD041', '2024-10-10 20:15:00', '2024-10-25 22:30:00', 1, 249.99, 20.00, 25.00, 244.99, '1515 Pine St', 'Denver', 'CO', '80201', '123 State St', 'Chicago', 'IL', '60602', '1234567890123456', 'Delivered', 'Smart Thermostats'),
(15, 1, 2, 'ORD041', '2024-10-10 20:15:00', '2024-10-25 22:30:00', 1, 229.00, 0.00, 0.00, 229.00, '1515 Pine St', 'Denver', 'CO', '80201', '123 State St', 'Chicago', 'IL', '60602', '1234567890123456', 'Delivered', 'Smart Thermostats'),
(16, 2, 3, 'ORD042', '2024-10-11 21:30:00', '2024-10-26 23:45:00', 2, 399.98, 15.00, 40.00, 374.98, '1616 Cedar St', 'Nashville', 'TN', '37201', '456 Broadway', 'New York', 'NY', '10002', '2345678901234567', 'Delivered', 'Smart Thermostats'),
(16, 2, 4, 'ORD042', '2024-10-11 21:30:00', '2024-10-26 23:45:00', 1, 159.99, 0.00, 0.00, 159.99, '1616 Cedar St', 'Nashville', 'TN', '37201', '456 Broadway', 'New York', 'NY', '10002', '2345678901234567', 'Delivered', 'Smart Thermostats'),
(17, 3, 5, 'ORD043', '2024-10-12 22:45:00', '2024-10-28 01:00:00', 1, 99.00, 10.00, 0.00, 109.00, '1717 Elm St', 'Seattle', 'WA', '98101', '789 Hollywood Blvd', 'Los Angeles', 'CA', '90002', '3456789012345678', 'Delivered', 'Smart Doorbells'),
(17, 3, 6, 'ORD043', '2024-10-12 22:45:00', '2024-10-28 01:00:00', 1, 229.99, 0.00, 20.00, 209.99, '1717 Elm St', 'Seattle', 'WA', '98101', '789 Hollywood Blvd', 'Los Angeles', 'CA', '90002', '3456789012345678', 'Delivered', 'Smart Doorbells'),
(18, 4, 7, 'ORD044', '2024-10-13 23:59:00', '2024-10-29 02:15:00', 1, 249.99, 15.00, 0.00, 264.99, '1818 Maple St', 'Chicago', 'IL', '60601', '321 Texas Ave', 'Houston', 'TX', '77002', '4567890123456789', 'Delivered', 'Smart Thermostats'),
(18, 4, 8, 'ORD044', '2024-10-13 23:59:00', '2024-10-29 02:15:00', 2, 99.98, 0.00, 10.00, 89.98, '1818 Maple St', 'Chicago', 'IL', '60601', '321 Texas Ave', 'Houston', 'TX', '77002', '4567890123456789', 'Delivered', 'Smart Thermostats'),
(19, 5, 9, 'ORD045', '2024-10-14 01:15:00', '2024-10-30 03:30:00', 1, 229.99, 20.00, 0.00, 249.99, '1919 Cedar St', 'Phoenix', 'AZ', '85001', '654 Desert Rd', 'Phoenix', 'AZ', '85002', '5678901234567890', 'Delivered', 'Smart Doorlocks'),
(19, 5, 10, 'ORD045', '2024-10-14 01:15:00', '2024-10-30 03:30:00', 1, 199.00, 0.00, 0.00, 199.00, '1919 Cedar St', 'Phoenix', 'AZ', '85001', '654 Desert Rd', 'Phoenix', 'AZ', '85002', '5678901234567890', 'Delivered', 'Smart Doorlocks'),
(20, 6, 11, 'ORD046', '2024-10-15 02:30:00', '2024-10-31 04:45:00', 1, 49.99, 10.00, 0.00, 59.99, '2020 Elm St', 'San Francisco', 'CA', '94101', '987 Liberty St', 'Philadelphia', 'PA', '19102', '6789012345678901', 'Delivered', 'Smart Speakers'),
(20, 6, 12, 'ORD046', '2024-10-15 02:30:00', '2024-10-31 04:45:00', 2, 159.98, 0.00, 15.00, 144.98, '2020 Elm St', 'San Francisco', 'CA', '94101', '987 Liberty St', 'Philadelphia', 'PA', '19102', '6789012345678901', 'Delivered', 'Smart Speakers'),
(21, 7, 13, 'ORD047', '2024-10-16 03:45:00', '2024-11-01 06:00:00', 1, 99.00, 15.00, 0.00, 114.00, '2121 Maple St', 'Chicago', 'IL', '60601', '147 Alamo Rd', 'San Antonio', 'TX', '78202', '7890123456789012', 'Delivered', 'Smart Speakers'),
(21, 7, 14, 'ORD047', '2024-10-16 03:45:00', '2024-11-01 06:00:00', 1, 199.00, 0.00, 20.00, 179.00, '2121 Maple St', 'Chicago', 'IL', '60601', '147 Alamo Rd', 'San Antonio', 'TX', '78202', '7890123456789012', 'Delivered', 'Smart Speakers'),
(22, 8, 15, 'ORD048', '2024-10-17 05:00:00', '2024-11-02 07:15:00', 1, 259.00, 20.00, 0.00, 279.00, '2222 Cedar St', 'Phoenix', 'AZ', '85001', '258 Ocean Dr', 'San Diego', 'CA', '92102', '8901234567890123', 'Delivered', 'Smart Speakers'),
(22, 8, 16, 'ORD048', '2024-10-17 05:00:00', '2024-11-02 07:15:00', 2, 119.98, 0.00, 10.00, 109.98, '2222 Cedar St', 'Phoenix', 'AZ', '85001', '258 Ocean Dr', 'San Diego', 'CA', '92102', '8901234567890123', 'Delivered', 'Smart Speakers'),
(23, 9, 18, 'ORD049', '2024-10-18 06:15:00', '2024-11-03 08:30:00', 2, 99.98, 0.00, 0.00, 99.98, '2323 Elm St', 'Houston', 'TX', '77001', '369 Cowboy Ln', 'Dallas', 'TX', '75201', '9012345678901234', 'Delivered', 'Accessories'),
(24, 10, 19, 'ORD050', '2024-10-19 07:30:00', '2024-11-04 09:45:00', 1, 199.99, 15.00, 0.00, 214.99, '2424 Oak St', 'Chicago', 'IL', '60601', '741 Beach Blvd', 'Miami', 'FL', '33101', '0123456789012345', 'Delivered', 'Accessories'),
(24, 10, 20, 'ORD050', '2024-10-19 07:30:00', '2024-11-04 09:45:00', 1, 129.99, 0.00, 0.00, 129.99, '2424 Oak St', 'Chicago', 'IL', '60601', '741 Beach Blvd', 'Miami', 'FL', '33101', '0123456789012345', 'Delivered', 'Accessories');

-- OrderUpdates table inserts
INSERT INTO OrderUpdates (OrderID, UpdateType, UpdateDate, UpdateDetails) VALUES
('ORD001', 'Insert', '2024-09-01 10:01:00', 'Order placed'),
('ORD001', 'Update', '2024-09-15 14:00:00', 'Order shipped'),
('ORD001', 'Update', '2024-09-17 16:00:00', 'Order delivered'),
('ORD002', 'Insert', '2024-09-02 11:31:00', 'Order placed'),
('ORD002', 'Update', '2024-09-16 15:30:00', 'Order shipped'),
('ORD002', 'Update', '2024-09-18 10:00:00', 'Order delivered'),
('ORD003', 'Insert', '2024-09-03 09:16:00', 'Order placed'),
('ORD003', 'Update', '2024-09-17 13:45:00', 'Order shipped'),
('ORD003', 'Update', '2024-09-19 11:00:00', 'Order delivered'),
('ORD004', 'Insert', '2024-09-04 14:21:00', 'Order placed'),
('ORD004', 'Update', '2024-09-18 16:00:00', 'Order shipped'),
('ORD004', 'Update', '2024-09-20 10:30:00', 'Order delivered'),
('ORD005', 'Insert', '2024-09-05 16:46:00', 'Order placed'),
('ORD005', 'Update', '2024-09-19 11:31:00', 'Order shipped'),
('ORD005', 'Update', '2024-09-21 13:00:00', 'Order delivered'),
('ORD006', 'Insert', '2024-09-06 13:11:00', 'Order placed'),
('ORD006', 'Update', '2024-09-20 15:16:00', 'Order shipped'),
('ORD006', 'Update', '2024-09-22 11:00:00', 'Order delivered'),
('ORD007', 'Insert', '2024-09-07 10:31:00', 'Order placed'),
('ORD007', 'Update', '2024-09-21 14:46:00', 'Order shipped'),
('ORD007', 'Update', '2024-09-23 16:30:00', 'Order delivered'),
('ORD008', 'Insert', '2024-09-08 15:56:00', 'Order placed'),
('ORD008', 'Update', '2024-09-22 17:31:00', 'Order shipped'),
('ORD008', 'Update', '2024-09-24 14:45:00', 'Order delivered'),
('ORD009', 'Insert', '2024-09-09 11:41:00', 'Order placed'),
('ORD009', 'Update', '2024-09-23 13:21:00', 'Order shipped'),
('ORD009', 'Update', '2024-09-25 12:30:00', 'Order delivered'),
('ORD010', 'Insert', '2024-09-10 09:26:00', 'Order placed'),
('ORD010', 'Update', '2024-09-24 12:11:00', 'Order shipped'),
('ORD010', 'Update', '2024-09-26 10:00:00', 'Order delivered'),
('ORD011', 'Insert', '2024-09-11 14:16:00', 'Order placed'),
('ORD011', 'Update', '2024-09-25 16:46:00', 'Order shipped'),
('ORD011', 'Update', '2024-09-27 11:30:00', 'Order delivered'),
('ORD012', 'Insert', '2024-09-12 10:51:00', 'Order placed'),
('ORD012', 'Update', '2024-09-26 13:31:00', 'Order shipped'),
('ORD012', 'Update', '2024-09-28 14:00:00', 'Order delivered'),
('ORD013', 'Insert', '2024-09-13 16:21:00', 'Order placed'),
('ORD013', 'Update', '2024-09-27 18:01:00', 'Order shipped'),
('ORD013', 'Update', '2024-09-29 10:15:00', 'Order delivered'),
('ORD014', 'Insert', '2024-09-14 12:06:00', 'Order placed'),
('ORD014', 'Update', '2024-09-28 14:41:00', 'Order shipped'),
('ORD014', 'Update', '2024-09-30 11:00:00', 'Order delivered'),
('ORD015', 'Insert', '2024-09-15 09:31:00', 'Order placed'),
('ORD015', 'Update', '2024-09-29 11:16:00', 'Order shipped'),
('ORD015', 'Update', '2024-10-01 12:00:00', 'Order delivered'),
('ORD016', 'Insert', '2024-09-16 15:41:00', 'Order placed'),
('ORD016', 'Update', '2024-09-30 17:21:00', 'Order shipped'),
('ORD016', 'Update', '2024-10-02 15:00:00', 'Order delivered'),
('ORD017', 'Insert', '2024-09-17 11:26:00', 'Order placed'),
('ORD017', 'Update', '2024-10-01 13:51:00', 'Order shipped'),
('ORD017', 'Update', '2024-10-03 16:00:00', 'Order delivered'),
('ORD018', 'Insert', '2024-09-18 14:56:00', 'Order placed'),
('ORD018', 'Update', '2024-10-02 16:31:00', 'Order shipped'),
('ORD018', 'Update', '2024-10-04 18:30:00', 'Order delivered'),
('ORD019', 'Insert', '2024-09-19 10:11:00', 'Order placed'),
('ORD019', 'Update', '2024-10-03 12:46:00', 'Order shipped'),
('ORD019', 'Update', '2024-10-05 15:30:00', 'Order delivered'),
('ORD020', 'Insert', '2024-09-20 13:36:00', 'Order placed'),
('ORD020', 'Update', '2024-10-04 15:11:00', 'Order shipped'),
('ORD020', 'Update', '2024-10-06 17:00:00', 'Order delivered'),
('ORD021', 'Insert', '2024-09-21 14:01:00', 'Order placed'),
('ORD021', 'Update', '2024-10-05 14:46:00', 'Order shipped'),
('ORD021', 'Update', '2024-10-07 15:00:00', 'Order delivered'),
('ORD022', 'Insert', '2024-09-22 15:11:00', 'Order placed'),
('ORD022', 'Update', '2024-10-06 16:21:00', 'Order shipped'),
('ORD022', 'Update', '2024-10-08 14:45:00', 'Order delivered'),
('ORD023', 'Insert', '2024-09-23 13:46:00', 'Order placed'),
('ORD023', 'Update', '2024-10-07 15:31:00', 'Order shipped'),
('ORD023', 'Update', '2024-10-09 12:45:00', 'Order delivered'),
('ORD024', 'Insert', '2024-09-24 14:31:00', 'Order placed'),
('ORD024', 'Update', '2024-10-08 16:01:00', 'Order shipped'),
('ORD024', 'Update', '2024-10-10 13:30:00', 'Order delivered'),
('ORD025', 'Insert', '2024-09-25 15:56:00', 'Order placed'),
('ORD025', 'Update', '2024-10-09 11:31:00', 'Order shipped'),
('ORD025', 'Update', '2024-10-11 14:00:00', 'Order delivered'),
('ORD026', 'Insert', '2024-09-26 12:01:00', 'Order placed'),
('ORD026', 'Update', '2024-10-10 17:01:00', 'Order shipped'),
('ORD026', 'Update', '2024-10-12 19:15:00', 'Order delivered'),
('ORD027', 'Insert', '2024-09-27 11:21:00', 'Order placed'),
('ORD027', 'Update', '2024-10-11 14:31:00', 'Order shipped'),
('ORD027', 'Update', '2024-10-13 16:45:00', 'Order delivered'),
('ORD028', 'Insert', '2024-09-28 16:11:00', 'Order placed'),
('ORD028', 'Update', '2024-10-12 18:01:00', 'Order shipped'),
('ORD028', 'Update', '2024-10-14 17:00:00', 'Order delivered'),
('ORD029', 'Insert', '2024-09-29 14:46:00', 'Order placed'),
('ORD029', 'Update', '2024-10-13 16:31:00', 'Order shipped'),
('ORD029', 'Update', '2024-10-15 18:00:00', 'Order delivered'),
('ORD030', 'Insert', '2024-09-30 10:01:00', 'Order placed'),
('ORD030', 'Update', '2024-10-14 12:01:00', 'Order shipped'),
('ORD030', 'Update', '2024-10-16 13:45:00', 'Order delivered'),
('ORD031', 'Insert', '2024-09-30 14:16:00', 'Order placed'),
('ORD031', 'Update', '2024-10-15 16:31:00', 'Order shipped'),
('ORD031', 'Update', '2024-10-17 18:30:00', 'Order delivered'),
('ORD032', 'Insert', '2024-10-01 09:31:00', 'Order placed'),
('ORD032', 'Update', '2024-10-16 14:31:00', 'Order shipped'),
('ORD032', 'Update', '2024-10-18 17:45:00', 'Order delivered'),
('ORD033', 'Insert', '2024-10-02 10:16:00', 'Order placed'),
('ORD033', 'Update', '2024-10-17 12:46:00', 'Order shipped'),
('ORD033', 'Update', '2024-10-19 13:30:00', 'Order delivered'),
('ORD034', 'Insert', '2024-10-03 11:31:00', 'Order placed'),
('ORD034', 'Update', '2024-10-18 13:46:00', 'Order shipped'),
('ORD034', 'Update', '2024-10-20 14:15:00', 'Order delivered'),
('ORD035', 'Insert', '2024-10-04 12:46:00', 'Order placed'),
('ORD035', 'Update', '2024-10-19 15:01:00', 'Order shipped'),
('ORD035', 'Update', '2024-10-21 16:30:00', 'Order delivered'),
('ORD036', 'Insert', '2024-10-05 14:01:00', 'Order placed'),
('ORD036', 'Update', '2024-10-20 16:16:00', 'Order shipped'),
('ORD036', 'Update', '2024-10-22 17:45:00', 'Order delivered'),
('ORD037', 'Insert', '2024-10-06 15:16:00', 'Order placed'),
('ORD037', 'Update', '2024-10-21 17:31:00', 'Order shipped'),
('ORD037', 'Update', '2024-10-23 19:00:00', 'Order delivered'),
('ORD038', 'Insert', '2024-10-07 16:31:00', 'Order placed'),
('ORD038', 'Update', '2024-10-22 18:46:00', 'Order shipped'),
('ORD038', 'Update', '2024-10-24 20:15:00', 'Order delivered'),
('ORD039', 'Insert', '2024-10-08 17:46:00', 'Order placed'),
('ORD039', 'Update', '2024-10-23 20:01:00', 'Order shipped'),
('ORD039', 'Update', '2024-10-25 21:45:00', 'Order delivered'),
('ORD040', 'Insert', '2024-10-09 19:01:00', 'Order placed'),
('ORD040', 'Update', '2024-10-24 21:16:00', 'Order shipped'),
('ORD040', 'Update', '2024-10-26 23:00:00', 'Order delivered'),
('ORD041', 'Insert', '2024-10-10 20:16:00', 'Order placed'),
('ORD041', 'Update', '2024-10-25 22:31:00', 'Order shipped'),
('ORD041', 'Update', '2024-10-27 23:30:00', 'Order delivered'),
('ORD042', 'Insert', '2024-10-11 21:31:00', 'Order placed'),
('ORD042', 'Update', '2024-10-26 23:46:00', 'Order shipped'),
('ORD042', 'Update', '2024-10-28 16:00:00', 'Order delivered'),
('ORD043', 'Insert', '2024-10-12 22:46:00', 'Order placed'),
('ORD043', 'Update', '2024-10-28 01:01:00', 'Order shipped'),
('ORD043', 'Update', '2024-10-30 10:30:00', 'Order delivered'),
('ORD044', 'Insert', '2024-10-13 23:59:00', 'Order placed'),
('ORD044', 'Update', '2024-10-29 02:16:00', 'Order shipped'),
('ORD044', 'Update', '2024-10-31 11:00:00', 'Order delivered'),
('ORD045', 'Insert', '2024-10-14 01:16:00', 'Order placed'),
('ORD045', 'Update', '2024-10-30 03:31:00', 'Order shipped'),
('ORD045', 'Update', '2024-11-01 09:45:00', 'Order delivered'),
('ORD046', 'Insert', '2024-10-15 02:31:00', 'Order placed'),
('ORD046', 'Update', '2024-10-31 04:46:00', 'Order shipped'),
('ORD046', 'Update', '2024-11-02 12:00:00', 'Order delivered'),
('ORD047', 'Insert', '2024-10-16 03:46:00', 'Order placed'),
('ORD047', 'Update', '2024-11-01 06:01:00', 'Order shipped'),
('ORD047', 'Update', '2024-11-03 15:15:00', 'Order delivered'),
('ORD048', 'Insert', '2024-10-17 05:01:00', 'Order placed'),
('ORD048', 'Update', '2024-11-02 07:16:00', 'Order shipped'),
('ORD048', 'Update', '2024-11-04 13:00:00', 'Order delivered'),
('ORD049', 'Insert', '2024-10-18 06:16:00', 'Order placed'),
('ORD049', 'Update', '2024-11-03 08:31:00', 'Order shipped'),
('ORD049', 'Update', '2024-11-05 09:45:00', 'Order delivered'),
('ORD050', 'Insert', '2024-10-19 07:31:00', 'Order placed'),
('ORD050', 'Update', '2024-11-04 09:46:00', 'Order shipped'),
('ORD050', 'Update', '2024-11-06 10:30:00', 'Order delivered');

-- SalesPersons table inserts
INSERT INTO SalesPersons (UserID, StoreID) VALUES
(2, 1),
(3, 2),
(49, 3);

-- StoreManagers table inserts
INSERT INTO StoreManagers (UserID, StoreID) VALUES
(1, 1),
(9, 2),
(10, 3),
(11, 4),
(12, 5),
(13, 6),
(14, 7),
(15, 8),
(16, 9),
(17, 10),
(18, 11),
(19, 12),
(20, 13),
(21, 14),
(22, 15),
(23, 16),
(24, 17),
(25, 18),
(26, 19),
(27, 20);
